<?xml version="1.0" encoding="UTF-8"?>
<!-- Generated by org.testng.reporters.JUnitReportReporter -->
<testsuite skipped="0" hostname="nb-hristog-10" name="local.appium.tests.Appium_Android_Web" tests="1" failures="0" timestamp="19 IX 2020 12:44:36 GMT" time="13.179" errors="0">
  <testcase name="visitGoogleAndSearch" time="13.179" classname="local.appium.tests.Appium_Android_Web"/>
</testsuite> <!-- local.appium.tests.Appium_Android_Web -->
