<?xml version="1.0" encoding="UTF-8"?>
<!-- Generated by org.testng.reporters.JUnitReportReporter -->
<testsuite skipped="0" hostname="nb-hristog-10" name="local.appium.tests.Appium_Android_Native" tests="1" failures="0" timestamp="21 IX 2020 07:22:05 GMT" time="4.526" errors="0">
  <testcase name="openInstalledApp" time="4.526" classname="local.appium.tests.Appium_Android_Native"/>
</testsuite> <!-- local.appium.tests.Appium_Android_Native -->
